<?xml version="1.0" encoding="UTF-8"?>
<!-- Generated by org.testng.reporters.JUnitReportReporter -->
<testsuite hostname="Vipuls-MacBook-Pro-2.local" failures="0" tests="5" name="tests.TestClass" time="12.963" errors="0" timestamp="14 Jul 2023 21:52:13 GMT" skipped="0">
  <testcase classname="tests.TestClass" name="validEmailIdWithLocalAndDomainSections" time="2.875"/>
  <testcase classname="tests.TestClass" name="invalidEmailIdWithoutContextPostATTheRateSymbol" time="3.568"/>
  <testcase classname="tests.TestClass" name="validEmailIdWithAllowedSpecialCharacters" time="3.099"/>
  <testcase classname="tests.TestClass" name="invalidEmailIdWithSomeSpecialCharacters" time="2.962"/>
  <testcase classname="tests.TestClass" name="invalidEmailWithoutDomain" time="0.459"/>
</testsuite> <!-- tests.TestClass -->
